<?xml version="1.0" encoding="UTF-8"?>
<testng-results skipped="0" failed="0" ignored="0" total="2" passed="2">
  <reporter-output>
  </reporter-output>
  <suite name="Default suite" duration-ms="68020" started-at="2019-12-05T11:25:37Z" finished-at="2019-12-05T11:26:45Z">
    <groups>
    </groups>
    <test name="Default test" duration-ms="68020" started-at="2019-12-05T11:25:37Z" finished-at="2019-12-05T11:26:45Z">
      <class name="testCase001.TestCase001">
        <test-method status="PASS" signature="beforeSuite()[pri:0, instance:testCase001.TestCase001@50de0926]" name="beforeSuite" is-config="true" duration-ms="223" started-at="2019-12-05T11:25:37Z" finished-at="2019-12-05T11:25:37Z">
          <reporter-output>
          </reporter-output>
        </test-method> <!-- beforeSuite -->
        <test-method status="PASS" signature="beforeMethod(java.lang.reflect.Method)[pri:0, instance:testCase001.TestCase001@50de0926]" name="beforeMethod" is-config="true" duration-ms="30254" started-at="2019-12-05T11:25:37Z" finished-at="2019-12-05T11:26:07Z">
          <params>
            <param index="0">
              <value>
                <![CDATA[public void testCase001.TestCase001.verifyComprehensiveText()]]>
              </value>
            </param>
          </params>
          <reporter-output>
          </reporter-output>
        </test-method> <!-- beforeMethod -->
        <test-method status="PASS" signature="verifyComprehensiveText()[pri:0, instance:testCase001.TestCase001@50de0926]" name="verifyComprehensiveText" duration-ms="347" started-at="2019-12-05T11:26:07Z" finished-at="2019-12-05T11:26:07Z">
          <reporter-output>
          </reporter-output>
        </test-method> <!-- verifyComprehensiveText -->
        <test-method status="PASS" signature="screenShot(org.testng.ITestResult)[pri:0, instance:testCase001.TestCase001@50de0926]" name="screenShot" is-config="true" duration-ms="371" started-at="2019-12-05T11:26:07Z" finished-at="2019-12-05T11:26:08Z">
          <params>
            <param index="0">
              <value>
                <![CDATA[[TestResult name=verifyComprehensiveText status=SUCCESS method=TestCase001.verifyComprehensiveText()[pri:0, instance:testCase001.TestCase001@50de0926] output={null}]]]>
              </value>
            </param>
          </params>
          <reporter-output>
          </reporter-output>
        </test-method> <!-- screenShot -->
        <test-method status="PASS" signature="beforeMethod(java.lang.reflect.Method)[pri:0, instance:testCase001.TestCase001@50de0926]" name="beforeMethod" is-config="true" duration-ms="25070" started-at="2019-12-05T11:26:08Z" finished-at="2019-12-05T11:26:33Z">
          <params>
            <param index="0">
              <value>
                <![CDATA[public void testCase001.TestCase001.verifyTPText() throws java.lang.Exception]]>
              </value>
            </param>
          </params>
          <reporter-output>
          </reporter-output>
        </test-method> <!-- beforeMethod -->
        <test-method status="PASS" signature="verifyTPText()[pri:0, instance:testCase001.TestCase001@50de0926]" name="verifyTPText" duration-ms="5251" started-at="2019-12-05T11:26:33Z" finished-at="2019-12-05T11:26:38Z">
          <reporter-output>
          </reporter-output>
        </test-method> <!-- verifyTPText -->
        <test-method status="PASS" signature="screenShot(org.testng.ITestResult)[pri:0, instance:testCase001.TestCase001@50de0926]" name="screenShot" is-config="true" duration-ms="918" started-at="2019-12-05T11:26:38Z" finished-at="2019-12-05T11:26:39Z">
          <params>
            <param index="0">
              <value>
                <![CDATA[[TestResult name=verifyTPText status=SUCCESS method=TestCase001.verifyTPText()[pri:0, instance:testCase001.TestCase001@50de0926] output={null}]]]>
              </value>
            </param>
          </params>
          <reporter-output>
          </reporter-output>
        </test-method> <!-- screenShot -->
        <test-method status="PASS" signature="afterSuite()[pri:0, instance:testCase001.TestCase001@50de0926]" name="afterSuite" is-config="true" duration-ms="5787" started-at="2019-12-05T11:26:39Z" finished-at="2019-12-05T11:26:45Z">
          <reporter-output>
          </reporter-output>
        </test-method> <!-- afterSuite -->
      </class> <!-- testCase001.TestCase001 -->
    </test> <!-- Default test -->
  </suite> <!-- Default suite -->
</testng-results>
