<?xml version="1.0" encoding="UTF-8"?>
<testng-results skipped="0" failed="0" ignored="0" total="1" passed="1">
  <reporter-output>
  </reporter-output>
  <suite name="Default suite" duration-ms="338550" started-at="2019-11-05T10:12:17Z" finished-at="2019-11-05T10:17:56Z">
    <groups>
    </groups>
    <test name="Default test" duration-ms="338550" started-at="2019-11-05T10:12:17Z" finished-at="2019-11-05T10:17:56Z">
      <class name="testCase001.TestCase001">
        <test-method status="PASS" signature="beforeMethod()[pri:0, instance:testCase001.TestCase001@80169cf]" name="beforeMethod" is-config="true" duration-ms="25460" started-at="2019-11-05T10:12:17Z" finished-at="2019-11-05T10:12:42Z">
          <reporter-output>
          </reporter-output>
        </test-method> <!-- beforeMethod -->
        <test-method status="PASS" signature="Test0001()[pri:0, instance:testCase001.TestCase001@80169cf]" name="Test0001" duration-ms="312759" started-at="2019-11-05T10:12:43Z" finished-at="2019-11-05T10:17:56Z">
          <reporter-output>
          </reporter-output>
        </test-method> <!-- Test0001 -->
        <test-method status="PASS" signature="screenShot(org.testng.ITestResult)[pri:0, instance:testCase001.TestCase001@80169cf]" name="screenShot" is-config="true" duration-ms="7" started-at="2019-11-05T10:17:56Z" finished-at="2019-11-05T10:17:56Z">
          <params>
            <param index="0">
              <value>
                <![CDATA[[TestResult name=Test0001 status=SUCCESS method=TestCase001.Test0001()[pri:0, instance:testCase001.TestCase001@80169cf] output={null}]]]>
              </value>
            </param>
          </params>
          <reporter-output>
          </reporter-output>
        </test-method> <!-- screenShot -->
      </class> <!-- testCase001.TestCase001 -->
    </test> <!-- Default test -->
  </suite> <!-- Default suite -->
</testng-results>
